(12422, (u'of', u'the'))
(5741, (u'in', u'the'))
(4333, (u'to', u'the'))
(3065, (u'and', u'the'))
(2214, (u'on', u'the'))
(1915, (u'at', u'the'))
(1863, (u'by', u'the'))
(1754, (u'from', u'the'))
(1700, (u'of', u'a'))
(1656, (u'with', u'the'))
(1570, (u'to', u'be'))
(1333, (u'with', u'a'))
(1306, (u'that', u'the'))
(1301, (u'in', u'a'))
(1258, (u'for', u'the'))
(1236, (u'he', u'had'))
(1178, (u'did', u'not'))
(1094, (u'had', u'been'))
(1059, (u'of', u'his'))
(999, (u'it', u'is'))
(991, (u'may', u'be'))
(954, (u'into', u'the'))
(910, (u'the', u'same'))
(909, (u'it', u'was'))
(885, (u'he', u'was'))
(839, (u'that', u'he'))
(787, (u'as', u'a'))
(785, (u'Prince', u'Andrew'))
(759, (u'in', u'his'))
(748, (u'as', u'the'))
(679, (u'and', u'a'))
(645, (u'all', u'the'))
(642, (u'was', u'a'))
(623, (u'could', u'not'))
(606, (u'and', u'in'))
(599, (u'one', u'of'))
(594, (u'In', u'the'))
(592, (u'to', u'him'))
(585, (u'is', u'a'))
(580, (u'to', u'his'))
(579, (u'and', u'that'))
(565, (u'should', u'be'))
(558, (u'with', u'his'))
(558, (u'was', u'the'))
(542, (u'the', u'first'))
(533, (u'for', u'a'))
(527, (u'who', u'had'))
(524, (u'to', u'a'))
(521, (u'It', u'was'))
(518, (u'I', u'have'))
(515, (u'the', u'French'))
(510, (u'out', u'of'))
(493, (u'as', u'if'))
(493, (u'in', u'which'))
(492, (u'is', u'the'))
(482, (u'as', u'he'))
(481, (u'have', u'been'))
(474, (u'that', u'it'))
(472, (u'by', u'a'))
(471, (u'there', u'is'))
(460, (u'I', u'am'))
(452, (u'and', u'he'))
(445, (u'was', u'not'))
(441, (u'the', u'other'))
(441, (u'to', u'her'))
(441, (u'and', u'to'))
(438, (u'the', u'whole'))
(432, (u'up', u'to'))
(431, (u'the', u'old'))
(430, (u'It', u'is'))
(422, (u'the', u'United'))
(418, (u'and', u'his'))
(412, (u'said', u'the'))
(409, (u'would', u'be'))
(409, (u'seemed', u'to'))
(408, (u'over', u'the'))
(407, (u'upon', u'the'))
(406, (u'has', u'been'))
(404, (u'which', u'he'))
(401, (u'through', u'the'))
(396, (u'is', u'not'))
(394, (u'of', u'this'))
(393, (u'that', u'I'))
(392, (u'on', u'his'))
(386, (u'Princess', u'Mary'))
(377, (u'of', u'their'))
(366, (u'must', u'be'))
(363, (u'they', u'were'))
(362, (u'under', u'the'))
(362, (u'of', u'her'))
(360, (u'when', u'the'))
(359, (u'began', u'to'))
(357, (u'which', u'the'))
(351, (u'and', u'I'))
(349, (u'she', u'had'))
(348, (u'such', u'as'))
(342, (u'there', u'was'))
(341, (u'as', u'to'))
(339, (u'and', u'then'))
(337, (u'to', u'see'))
